#
# There is insufficient memory for the Java Runtime Environment to continue.
# Native memory allocation (malloc) failed to allocate 539536 bytes. Error detail: Chunk::new
# Possible reasons:
#   The system is out of physical RAM or swap space
#   This process is running with CompressedOops enabled, and the Java Heap may be blocking the growth of the native heap
# Possible solutions:
#   Reduce memory load on the system
#   Increase physical memory or swap space
#   Check if swap backing store is full
#   Decrease Java heap size (-Xmx/-Xms)
#   Decrease number of Java threads
#   Decrease Java thread stack sizes (-Xss)
#   Set larger code cache with -XX:ReservedCodeCacheSize=
#   JVM is running with Unscaled Compressed Oops mode in which the Java heap is
#     placed in the first 4GB address space. The Java Heap base address is the
#     maximum limit for the native heap growth. Please use -XX:HeapBaseMinAddress
#     to set the Java Heap base and to place the Java Heap above 4GB virtual address.
# This output file may be truncated or incomplete.
#
#  Out of Memory Error (arena.cpp:168), pid=16524, tid=15584
#
# JRE version: OpenJDK Runtime Environment Temurin-21.0.7+6 (21.0.7+6) (build 21.0.7+6-LTS)
# Java VM: OpenJDK 64-Bit Server VM Temurin-21.0.7+6 (21.0.7+6-LTS, mixed mode, sharing, tiered, compressed oops, compressed class ptrs, parallel gc, windows-amd64)
# No core dump will be written. Minidumps are not enabled by default on client versions of Windows
#

---------------  S U M M A R Y ------------

Command Line: --add-modules=ALL-SYSTEM --add-opens=java.base/java.util=ALL-UNNAMED --add-opens=java.base/java.lang=ALL-UNNAMED --add-opens=java.base/sun.nio.fs=ALL-UNNAMED -Declipse.application=org.eclipse.jdt.ls.core.id1 -Dosgi.bundles.defaultStartLevel=4 -Declipse.product=org.eclipse.jdt.ls.core.product -Djava.import.generatesMetadataFilesAtProjectRoot=false -DDetectVMInstallationsJob.disabled=true -Dfile.encoding=utf8 -XX:+UseParallelGC -XX:GCTimeRatio=4 -XX:AdaptiveSizePolicyWeight=90 -Dsun.zip.disableMemoryMapping=true -Xmx2G -Xms100m -Xlog:disable -javaagent:c:\Users\G TECH\.vscode\extensions\redhat.java-1.43.1-win32-x64\lombok\lombok-1.18.39-4050.jar c:\Users\G TECH\.vscode\extensions\redhat.java-1.43.1-win32-x64\server\plugins\org.eclipse.equinox.launcher_1.7.0.v20250519-0528.jar -configuration c:\Users\G TECH\AppData\Roaming\Code\User\globalStorage\redhat.java\1.43.1\config_ss_win -data c:\Users\G TECH\AppData\Roaming\Code\User\workspaceStorage\582b6d563b86e5ca378e0dc32ef546df\redhat.java\ss_ws --pipe=\\.\pipe\lsp-4cc46efe38a0fc187a5bbc8da8900cf8-sock

Host: Intel(R) Core(TM) i5-9400F CPU @ 2.90GHz, 6 cores, 7G,  Windows 10 , 64 bit Build 19041 (10.0.19041.5915)
Time: Fri Jul  4 15:01:27 2025 India Standard Time elapsed time: 1.912651 seconds (0d 0h 0m 1s)

---------------  T H R E A D  ---------------

Current thread (0x00000206d0cc2a80):  JavaThread "C2 CompilerThread0" daemon [_thread_in_native, id=15584, stack(0x000000d2bb000000,0x000000d2bb100000) (1024K)]


Current CompileTask:
C2:1912 1078   !   4       java.util.jar.Attributes::read (494 bytes)

Stack: [0x000000d2bb000000,0x000000d2bb100000]
Native frames: (J=compiled Java code, j=interpreted, Vv=VM code, C=native code)
V  [jvm.dll+0x6ce119]
V  [jvm.dll+0x8a84a1]
V  [jvm.dll+0x8aa9ce]
V  [jvm.dll+0x8ab0b3]
V  [jvm.dll+0x27f8a6]
V  [jvm.dll+0xc507d]
V  [jvm.dll+0xc55b3]
V  [jvm.dll+0x3b68f2]
V  [jvm.dll+0x382aa5]
V  [jvm.dll+0x381f0a]
V  [jvm.dll+0x247af0]
V  [jvm.dll+0x2470cf]
V  [jvm.dll+0x1c760e]
V  [jvm.dll+0x25695a]
V  [jvm.dll+0x254efa]
V  [jvm.dll+0x3f03f6]
V  [jvm.dll+0x851f6b]
V  [jvm.dll+0x6cc7dd]
C  [ucrtbase.dll+0x21bb2]
C  [KERNEL32.DLL+0x17374]
C  [ntdll.dll+0x4cc91]


---------------  P R O C E S S  ---------------

Threads class SMR info:
_java_thread_list=0x00000207179de670, length=12, elements={
0x00000206ba294520, 0x00000206d0cb0aa0, 0x00000206d0cb2470, 0x00000206d0cb40c0,
0x00000206d0cb6080, 0x00000206d0cba770, 0x00000206d0cbbc80, 0x00000206d0cc2a80,
0x00000206d0cd91c0, 0x00000206ba300f60, 0x000002071721d950, 0x0000020717608d70
}

Java Threads: ( => current thread )
  0x00000206ba294520 JavaThread "main"                              [_thread_in_native, id=8432, stack(0x000000d2ba600000,0x000000d2ba700000) (1024K)]
  0x00000206d0cb0aa0 JavaThread "Reference Handler"          daemon [_thread_blocked, id=19720, stack(0x000000d2baa00000,0x000000d2bab00000) (1024K)]
  0x00000206d0cb2470 JavaThread "Finalizer"                  daemon [_thread_blocked, id=16904, stack(0x000000d2bab00000,0x000000d2bac00000) (1024K)]
  0x00000206d0cb40c0 JavaThread "Signal Dispatcher"          daemon [_thread_blocked, id=3160, stack(0x000000d2bac00000,0x000000d2bad00000) (1024K)]
  0x00000206d0cb6080 JavaThread "Attach Listener"            daemon [_thread_blocked, id=16200, stack(0x000000d2bad00000,0x000000d2bae00000) (1024K)]
  0x00000206d0cba770 JavaThread "Service Thread"             daemon [_thread_blocked, id=19452, stack(0x000000d2bae00000,0x000000d2baf00000) (1024K)]
  0x00000206d0cbbc80 JavaThread "Monitor Deflation Thread"   daemon [_thread_blocked, id=11000, stack(0x000000d2baf00000,0x000000d2bb000000) (1024K)]
=>0x00000206d0cc2a80 JavaThread "C2 CompilerThread0"         daemon [_thread_in_native, id=15584, stack(0x000000d2bb000000,0x000000d2bb100000) (1024K)]
  0x00000206d0cd91c0 JavaThread "C1 CompilerThread0"         daemon [_thread_blocked, id=16912, stack(0x000000d2bb100000,0x000000d2bb200000) (1024K)]
  0x00000206ba300f60 JavaThread "Common-Cleaner"             daemon [_thread_blocked, id=11608, stack(0x000000d2bb200000,0x000000d2bb300000) (1024K)]
  0x000002071721d950 JavaThread "Notification Thread"        daemon [_thread_blocked, id=15492, stack(0x000000d2bb300000,0x000000d2bb400000) (1024K)]
  0x0000020717608d70 JavaThread "C2 CompilerThread1"         daemon [_thread_blocked, id=10812, stack(0x000000d2bb900000,0x000000d2bba00000) (1024K)]
Total: 12

Other Threads:
  0x00000206d0ca0a40 VMThread "VM Thread"                           [id=2016, stack(0x000000d2ba900000,0x000000d2baa00000) (1024K)]
  0x00000206ba2ff930 WatcherThread "VM Periodic Task Thread"        [id=9728, stack(0x000000d2ba800000,0x000000d2ba900000) (1024K)]
  0x00000206ba2b1870 WorkerThread "GC Thread#0"                     [id=11628, stack(0x000000d2ba700000,0x000000d2ba800000) (1024K)]
  0x0000020717467820 WorkerThread "GC Thread#1"                     [id=20068, stack(0x000000d2bb400000,0x000000d2bb500000) (1024K)]
  0x0000020717d56290 WorkerThread "GC Thread#2"                     [id=18852, stack(0x000000d2bb500000,0x000000d2bb600000) (1024K)]
  0x0000020717d56630 WorkerThread "GC Thread#3"                     [id=4604, stack(0x000000d2bb600000,0x000000d2bb700000) (1024K)]
  0x0000020717d569d0 WorkerThread "GC Thread#4"                     [id=4808, stack(0x000000d2bb700000,0x000000d2bb800000) (1024K)]
  0x0000020717d56d70 WorkerThread "GC Thread#5"                     [id=6020, stack(0x000000d2bb800000,0x000000d2bb900000) (1024K)]
Total: 8

Threads with active compile tasks:
C2 CompilerThread0  2139 1078   !   4       java.util.jar.Attributes::read (494 bytes)
Total: 1

VM state: not at safepoint (normal execution)

VM Mutex/Monitor currently owned by a thread: None

Heap address: 0x0000000080000000, size: 2048 MB, Compressed Oops mode: 32-bit

CDS archive(s) mapped at: [0x00000206d1000000-0x00000206d1ba0000-0x00000206d1ba0000), size 12189696, SharedBaseAddress: 0x00000206d1000000, ArchiveRelocationMode: 1.
Compressed class space mapped at: 0x00000206d2000000-0x0000020712000000, reserved size: 1073741824
Narrow klass base: 0x00000206d1000000, Narrow klass shift: 0, Narrow klass range: 0x100000000

GC Precious Log:
 CardTable entry size: 512
 CPUs: 6 total, 6 available
 Memory: 8123M
 Large Page Support: Disabled
 NUMA Support: Disabled
 Compressed Oops: Enabled (32-bit)
 Alignments: Space 512K, Generation 512K, Heap 2M
 Heap Min Capacity: 100M
 Heap Initial Capacity: 100M
 Heap Max Capacity: 2G
 Pre-touch: Disabled
 Parallel Workers: 6

Heap:
 PSYoungGen      total 29696K, used 4303K [0x00000000d5580000, 0x00000000d7680000, 0x0000000100000000)
  eden space 25600K, 3% used [0x00000000d5580000,0x00000000d567e040,0x00000000d6e80000)
  from space 4096K, 80% used [0x00000000d6e80000,0x00000000d71b5c58,0x00000000d7280000)
  to   space 4096K, 0% used [0x00000000d7280000,0x00000000d7280000,0x00000000d7680000)
 ParOldGen       total 68608K, used 16K [0x0000000080000000, 0x0000000084300000, 0x00000000d5580000)
  object space 68608K, 0% used [0x0000000080000000,0x0000000080004000,0x0000000084300000)
 Metaspace       used 4377K, committed 4736K, reserved 1114112K
  class space    used 462K, committed 640K, reserved 1048576K

Card table byte_map: [0x00000206b9c40000,0x00000206ba050000] _byte_map_base: 0x00000206b9840000

Marking Bits: (ParMarkBitMap*) 0x00007ffc03fb31f0
 Begin Bits: [0x00000206cc740000, 0x00000206ce740000)
 End Bits:   [0x00000206ce740000, 0x00000206d0740000)

Polling page: 0x00000206b8070000

Metaspace:

Usage:
  Non-class:      3.82 MB used.
      Class:    462.16 KB used.
       Both:      4.27 MB used.

Virtual space:
  Non-class space:       64.00 MB reserved,       4.00 MB (  6%) committed,  1 nodes.
      Class space:        1.00 GB reserved,     640.00 KB ( <1%) committed,  1 nodes.
             Both:        1.06 GB reserved,       4.62 MB ( <1%) committed. 

Chunk freelists:
   Non-Class:  11.11 MB
       Class:  15.42 MB
        Both:  26.53 MB

MaxMetaspaceSize: unlimited
CompressedClassSpaceSize: 1.00 GB
Initial GC threshold: 21.00 MB
Current GC threshold: 21.00 MB
CDS: on
 - commit_granule_bytes: 65536.
 - commit_granule_words: 8192.
 - virtual_space_node_default_size: 8388608.
 - enlarge_chunks_in_place: 1.
 - use_allocation_guard: 0.


Internal statistics:

num_allocs_failed_limit: 0.
num_arena_births: 184.
num_arena_deaths: 0.
num_vsnodes_births: 2.
num_vsnodes_deaths: 0.
num_space_committed: 74.
num_space_uncommitted: 0.
num_chunks_returned_to_freelist: 0.
num_chunks_taken_from_freelist: 251.
num_chunk_merges: 0.
num_chunk_splits: 160.
num_chunks_enlarged: 95.
num_inconsistent_stats: 0.

CodeHeap 'non-profiled nmethods': size=120000Kb used=458Kb max_used=458Kb free=119541Kb
 bounds [0x00000206c4f60000, 0x00000206c51d0000, 0x00000206cc490000]
CodeHeap 'profiled nmethods': size=120000Kb used=1782Kb max_used=1782Kb free=118217Kb
 bounds [0x00000206bd490000, 0x00000206bd700000, 0x00000206c49c0000]
CodeHeap 'non-nmethods': size=5760Kb used=1196Kb max_used=1220Kb free=4564Kb
 bounds [0x00000206c49c0000, 0x00000206c4c30000, 0x00000206c4f60000]
 total_blobs=1579 nmethods=1124 adapters=362
 compilation: enabled
              stopped_count=0, restarted_count=0
 full_count=0

Compilation events (20 events):
Event: 1.856 Thread 0x00000206d0cd91c0 1100       3       java.util.ArrayList::<init> (61 bytes)
Event: 1.856 Thread 0x00000206d0cd91c0 nmethod 1100 0x00000206bd644390 code [0x00000206bd6445e0, 0x00000206bd644e28]
Event: 1.856 Thread 0x00000206d0cd91c0 1101       3       sun.security.util.DerValue::toDigit (51 bytes)
Event: 1.856 Thread 0x00000206d0cd91c0 nmethod 1101 0x00000206bd645110 code [0x00000206bd645360, 0x00000206bd645a10]
Event: 1.858 Thread 0x00000206d0cd91c0 1102       3       sun.security.provider.DigestBase::implCompressMultiBlock0 (23 bytes)
Event: 1.858 Thread 0x00000206d0cd91c0 nmethod 1102 0x00000206bd645d10 code [0x00000206bd645ec0, 0x00000206bd646168]
Event: 1.860 Thread 0x00000206d0cd91c0 1103       3       java.math.BigInteger::montReduce (99 bytes)
Event: 1.860 Thread 0x00000206d0cd91c0 nmethod 1103 0x00000206bd646290 code [0x00000206bd6464a0, 0x00000206bd646950]
Event: 1.875 Thread 0x00000206d0cd91c0 1105       3       java.util.regex.ASCII::toLower (16 bytes)
Event: 1.875 Thread 0x00000206d0cd91c0 nmethod 1105 0x00000206bd646b90 code [0x00000206bd646d40, 0x00000206bd646f30]
Event: 1.875 Thread 0x00000206d0cd91c0 1106       3       java.util.regex.ASCII::isUpper (18 bytes)
Event: 1.875 Thread 0x00000206d0cd91c0 nmethod 1106 0x00000206bd647010 code [0x00000206bd6471a0, 0x00000206bd6472f0]
Event: 1.879 Thread 0x00000206d0cd91c0 1107       3       org.eclipse.osgi.internal.util.Tokenizer::skipWhiteSpace (58 bytes)
Event: 1.879 Thread 0x00000206d0cd91c0 nmethod 1107 0x00000206bd647390 code [0x00000206bd647540, 0x00000206bd6477f0]
Event: 1.880 Thread 0x00000206d0cd91c0 1108       1       java.util.concurrent.locks.AbstractOwnableSynchronizer::setExclusiveOwnerThread (6 bytes)
Event: 1.880 Thread 0x00000206d0cd91c0 nmethod 1108 0x00000206c4fcd590 code [0x00000206c4fcd720, 0x00000206c4fcd800]
Event: 1.880 Thread 0x00000206d0cd91c0 1109       3       java.util.AbstractCollection::addAll (42 bytes)
Event: 1.880 Thread 0x00000206d0cd91c0 nmethod 1109 0x00000206bd647910 code [0x00000206bd647b00, 0x00000206bd648020]
Event: 1.882 Thread 0x00000206d0cd91c0 1110   !   3       jdk.internal.loader.BuiltinClassLoader::loadClassOrNull (143 bytes)
Event: 1.883 Thread 0x00000206d0cd91c0 nmethod 1110 0x00000206bd648190 code [0x00000206bd648460, 0x00000206bd649380]

GC Heap History (0 events):
No events

Dll operation events (8 events):
Event: 0.093 Loaded shared library c:\Users\G TECH\.vscode\extensions\redhat.java-1.43.1-win32-x64\jre\21.0.7-win32-x86_64\bin\java.dll
Event: 0.321 Loaded shared library c:\Users\G TECH\.vscode\extensions\redhat.java-1.43.1-win32-x64\jre\21.0.7-win32-x86_64\bin\zip.dll
Event: 0.359 Loaded shared library C:\Users\G TECH\.vscode\extensions\redhat.java-1.43.1-win32-x64\jre\21.0.7-win32-x86_64\bin\instrument.dll
Event: 0.363 Loaded shared library C:\Users\G TECH\.vscode\extensions\redhat.java-1.43.1-win32-x64\jre\21.0.7-win32-x86_64\bin\net.dll
Event: 0.366 Loaded shared library C:\Users\G TECH\.vscode\extensions\redhat.java-1.43.1-win32-x64\jre\21.0.7-win32-x86_64\bin\nio.dll
Event: 0.368 Loaded shared library C:\Users\G TECH\.vscode\extensions\redhat.java-1.43.1-win32-x64\jre\21.0.7-win32-x86_64\bin\zip.dll
Event: 0.390 Loaded shared library C:\Users\G TECH\.vscode\extensions\redhat.java-1.43.1-win32-x64\jre\21.0.7-win32-x86_64\bin\jimage.dll
Event: 0.458 Loaded shared library c:\Users\G TECH\.vscode\extensions\redhat.java-1.43.1-win32-x64\jre\21.0.7-win32-x86_64\bin\verify.dll

Deoptimization events (20 events):
Event: 1.806 Thread 0x00000206ba294520 DEOPT PACKING pc=0x00000206bd6073b1 sp=0x000000d2ba6fdfe0
Event: 1.806 Thread 0x00000206ba294520 DEOPT UNPACKING pc=0x00000206c4a14242 sp=0x000000d2ba6fd458 mode 0
Event: 1.806 Thread 0x00000206ba294520 DEOPT PACKING pc=0x00000206bd6073b1 sp=0x000000d2ba6fdfe0
Event: 1.806 Thread 0x00000206ba294520 DEOPT UNPACKING pc=0x00000206c4a14242 sp=0x000000d2ba6fd458 mode 0
Event: 1.806 Thread 0x00000206ba294520 DEOPT PACKING pc=0x00000206bd6073b1 sp=0x000000d2ba6fdfe0
Event: 1.806 Thread 0x00000206ba294520 DEOPT UNPACKING pc=0x00000206c4a14242 sp=0x000000d2ba6fd458 mode 0
Event: 1.807 Thread 0x00000206ba294520 DEOPT PACKING pc=0x00000206bd6073b1 sp=0x000000d2ba6fdfe0
Event: 1.807 Thread 0x00000206ba294520 DEOPT UNPACKING pc=0x00000206c4a14242 sp=0x000000d2ba6fd458 mode 0
Event: 1.807 Thread 0x00000206ba294520 DEOPT PACKING pc=0x00000206bd6073b1 sp=0x000000d2ba6fdfe0
Event: 1.807 Thread 0x00000206ba294520 DEOPT UNPACKING pc=0x00000206c4a14242 sp=0x000000d2ba6fd458 mode 0
Event: 1.807 Thread 0x00000206ba294520 DEOPT PACKING pc=0x00000206bd6073b1 sp=0x000000d2ba6fdfe0
Event: 1.807 Thread 0x00000206ba294520 DEOPT UNPACKING pc=0x00000206c4a14242 sp=0x000000d2ba6fd458 mode 0
Event: 1.807 Thread 0x00000206ba294520 DEOPT PACKING pc=0x00000206bd6073b1 sp=0x000000d2ba6fdfe0
Event: 1.807 Thread 0x00000206ba294520 DEOPT UNPACKING pc=0x00000206c4a14242 sp=0x000000d2ba6fd458 mode 0
Event: 1.807 Thread 0x00000206ba294520 DEOPT PACKING pc=0x00000206bd6073b1 sp=0x000000d2ba6fdfe0
Event: 1.807 Thread 0x00000206ba294520 DEOPT UNPACKING pc=0x00000206c4a14242 sp=0x000000d2ba6fd458 mode 0
Event: 1.807 Thread 0x00000206ba294520 DEOPT PACKING pc=0x00000206bd6073b1 sp=0x000000d2ba6fdfe0
Event: 1.807 Thread 0x00000206ba294520 DEOPT UNPACKING pc=0x00000206c4a14242 sp=0x000000d2ba6fd458 mode 0
Event: 1.808 Thread 0x00000206ba294520 DEOPT PACKING pc=0x00000206bd6073b1 sp=0x000000d2ba6fdfe0
Event: 1.808 Thread 0x00000206ba294520 DEOPT UNPACKING pc=0x00000206c4a14242 sp=0x000000d2ba6fd458 mode 0

Classes loaded (20 events):
Event: 1.851 Loading class jdk/internal/logger/LazyLoggers$LazyLoggerWrapper done
Event: 1.851 Loading class jdk/internal/logger/LazyLoggers$JdkLazyLogger done
Event: 1.852 Loading class jdk/internal/logger/LazyLoggers$LazyLoggerAccessor
Event: 1.852 Loading class jdk/internal/logger/LazyLoggers$LoggerAccessor
Event: 1.852 Loading class jdk/internal/logger/LazyLoggers$LoggerAccessor done
Event: 1.852 Loading class jdk/internal/logger/LazyLoggers$LazyLoggerAccessor done
Event: 1.852 Loading class jdk/internal/logger/SurrogateLogger
Event: 1.852 Loading class jdk/internal/logger/SimpleConsoleLogger
Event: 1.852 Loading class sun/util/logging/PlatformLogger$ConfigurableBridge$LoggerConfiguration
Event: 1.852 Loading class sun/util/logging/PlatformLogger$ConfigurableBridge$LoggerConfiguration done
Event: 1.853 Loading class jdk/internal/logger/SimpleConsoleLogger done
Event: 1.853 Loading class jdk/internal/logger/SurrogateLogger done
Event: 1.853 Loading class sun/util/logging/PlatformLogger
Event: 1.853 Loading class sun/util/logging/PlatformLogger done
Event: 1.853 Loading class sun/util/logging/PlatformLogger$Level
Event: 1.853 Loading class sun/util/logging/PlatformLogger$Level done
Event: 1.861 Loading class java/io/BufferedReader
Event: 1.865 Loading class java/io/BufferedReader done
Event: 1.865 Loading class sun/nio/cs/StreamDecoder
Event: 1.874 Loading class sun/nio/cs/StreamDecoder done

Classes unloaded (0 events):
No events

Classes redefined (0 events):
No events

Internal exceptions (20 events):
Event: 0.431 Thread 0x00000206ba294520 Exception <a 'java/lang/NoSuchMethodError'{0x00000000d5a08508}: 'java.lang.Object java.lang.invoke.DirectMethodHandle$Holder.invokeStatic(java.lang.Object, java.lang.Object, int)'> (0x00000000d5a08508) 
thrown [s\src\hotspot\share\interpreter\linkResolver.cpp, line 773]
Event: 0.432 Thread 0x00000206ba294520 Exception <a 'java/lang/NoSuchMethodError'{0x00000000d5a0ce58}: 'void java.lang.invoke.DirectMethodHandle$Holder.invokeStatic(java.lang.Object, java.lang.Object, int, java.lang.Object)'> (0x00000000d5a0ce58) 
thrown [s\src\hotspot\share\interpreter\linkResolver.cpp, line 773]
Event: 0.432 Thread 0x00000206ba294520 Exception <a 'java/lang/NoSuchMethodError'{0x00000000d5a109e8}: 'void java.lang.invoke.DirectMethodHandle$Holder.invokeSpecial(java.lang.Object, java.lang.Object, java.lang.Object, int, java.lang.Object)'> (0x00000000d5a109e8) 
thrown [s\src\hotspot\share\interpreter\linkResolver.cpp, line 773]
Event: 0.432 Thread 0x00000206ba294520 Exception <a 'java/lang/NoSuchMethodError'{0x00000000d5a140a0}: 'void java.lang.invoke.DelegatingMethodHandle$Holder.delegate(java.lang.Object, java.lang.Object, int, java.lang.Object)'> (0x00000000d5a140a0) 
thrown [s\src\hotspot\share\interpreter\linkResolver.cpp, line 773]
Event: 0.480 Thread 0x00000206ba294520 Exception <a 'java/lang/NoSuchMethodError'{0x00000000d5bdf6e0}: 'void java.lang.invoke.DelegatingMethodHandle$Holder.reinvoke_L(java.lang.Object, java.lang.Object, java.lang.Object, int)'> (0x00000000d5bdf6e0) 
thrown [s\src\hotspot\share\interpreter\linkResolver.cpp, line 773]
Event: 0.711 Thread 0x00000206ba294520 Exception <a 'java/lang/NoSuchMethodError'{0x00000000d6077f58}: 'void java.lang.invoke.DirectMethodHandle$Holder.invokeVirtual(java.lang.Object, java.lang.Object)'> (0x00000000d6077f58) 
thrown [s\src\hotspot\share\interpreter\linkResolver.cpp, line 773]
Event: 0.801 Thread 0x00000206ba294520 Exception <a 'java/lang/NoSuchMethodError'{0x00000000d6455e00}: 'void java.lang.invoke.DirectMethodHandle$Holder.invokeStatic(java.lang.Object, java.lang.Object)'> (0x00000000d6455e00) 
thrown [s\src\hotspot\share\interpreter\linkResolver.cpp, line 773]
Event: 0.804 Thread 0x00000206ba294520 Exception <a 'java/lang/ClassNotFoundException'{0x00000000d647df78}: sun/net/www/protocol/c/Handler> (0x00000000d647df78) 
thrown [s\src\hotspot\share\classfile\systemDictionary.cpp, line 312]
Event: 0.828 Thread 0x00000206ba294520 Exception <a 'java/io/FileNotFoundException'{0x00000000d64d8068}> (0x00000000d64d8068) 
thrown [s\src\hotspot\share\prims\jni.cpp, line 520]
Event: 0.828 Thread 0x00000206ba294520 Exception <a 'java/io/FileNotFoundException'{0x00000000d64d93d0}> (0x00000000d64d93d0) 
thrown [s\src\hotspot\share\prims\jni.cpp, line 520]
Event: 0.828 Thread 0x00000206ba294520 Exception <a 'java/io/FileNotFoundException'{0x00000000d64da048}> (0x00000000d64da048) 
thrown [s\src\hotspot\share\prims\jni.cpp, line 520]
Event: 0.828 Thread 0x00000206ba294520 Exception <a 'java/io/FileNotFoundException'{0x00000000d64dab88}> (0x00000000d64dab88) 
thrown [s\src\hotspot\share\prims\jni.cpp, line 520]
Event: 0.871 Thread 0x00000206ba294520 Implicit null exception at 0x00000206c4f97ba4 to 0x00000206c4f9814c
Event: 0.872 Thread 0x00000206ba294520 Implicit null exception at 0x00000206c4f919a0 to 0x00000206c4f91f3c
Event: 0.873 Thread 0x00000206ba294520 Exception <a 'java/io/FileNotFoundException'{0x00000000d6514d38}> (0x00000000d6514d38) 
thrown [s\src\hotspot\share\prims\jni.cpp, line 520]
Event: 1.010 Thread 0x00000206ba294520 Exception <a 'java/lang/NoSuchMethodError'{0x00000000d6550238}: 'java.lang.Object java.lang.invoke.DirectMethodHandle$Holder.invokeInterface(java.lang.Object, java.lang.Object)'> (0x00000000d6550238) 
thrown [s\src\hotspot\share\interpreter\linkResolver.cpp, line 773]
Event: 1.021 Thread 0x00000206ba294520 Exception <a 'java/lang/NoSuchMethodError'{0x00000000d6563b68}: 'java.lang.Object java.lang.invoke.Invokers$Holder.invokeExact_MT(java.lang.Object, java.lang.Object, java.lang.Object, java.lang.Object, java.lang.Object, java.lang.Object)'> (0x00000000d6563b68) 
thrown [s\src\hotspot\share\interpreter\linkResolver.cpp, line 773]
Event: 1.023 Thread 0x00000206ba294520 Exception <a 'java/lang/NoSuchMethodError'{0x00000000d657adc0}: 'int java.lang.invoke.DirectMethodHandle$Holder.invokeStatic(java.lang.Object, java.lang.Object, java.lang.Object, java.lang.Object, java.lang.Object)'> (0x00000000d657adc0) 
thrown [s\src\hotspot\share\interpreter\linkResolver.cpp, line 773]
Event: 1.076 Thread 0x00000206ba294520 Exception <a 'java/lang/NoSuchMethodError'{0x00000000d660e7b0}: 'java.lang.Object java.lang.invoke.DirectMethodHandle$Holder.invokeInterface(java.lang.Object, java.lang.Object, int)'> (0x00000000d660e7b0) 
thrown [s\src\hotspot\share\interpreter\linkResolver.cpp, line 773]
Event: 1.657 Thread 0x00000206ba294520 Exception <a 'java/lang/NoSuchMethodError'{0x00000000d6a874e0}: 'java.lang.ClassLoader java.lang.ClassLoader.getPlatformClassLoader(java.lang.Class)'> (0x00000000d6a874e0) 
thrown [s\src\hotspot\share\interpreter\linkResolver.cpp, line 773]

ZGC Phase Switch (0 events):
No events

VM Operations (10 events):
Event: 0.317 Executing VM operation: HandshakeAllThreads (Deoptimize)
Event: 0.317 Executing VM operation: HandshakeAllThreads (Deoptimize) done
Event: 0.405 Executing VM operation: HandshakeAllThreads (Deoptimize)
Event: 0.405 Executing VM operation: HandshakeAllThreads (Deoptimize) done
Event: 0.783 Executing VM operation: HandshakeAllThreads (Deoptimize)
Event: 0.784 Executing VM operation: HandshakeAllThreads (Deoptimize) done
Event: 0.798 Executing VM operation: HandshakeAllThreads (Deoptimize)
Event: 0.798 Executing VM operation: HandshakeAllThreads (Deoptimize) done
Event: 1.802 Executing VM operation: Cleanup
Event: 1.802 Executing VM operation: Cleanup done

Memory protections (0 events):
No events

Nmethod flushes (0 events):
No events

Events (17 events):
Event: 0.175 Thread 0x00000206ba294520 Thread added: 0x00000206ba294520
Event: 0.246 Thread 0x00000206ba294520 Thread added: 0x00000206d0cb0aa0
Event: 0.249 Thread 0x00000206ba294520 Thread added: 0x00000206d0cb2470
Event: 0.252 Thread 0x00000206ba294520 Thread added: 0x00000206d0cb40c0
Event: 0.253 Thread 0x00000206ba294520 Thread added: 0x00000206d0cb6080
Event: 0.253 Thread 0x00000206ba294520 Thread added: 0x00000206d0cba770
Event: 0.253 Thread 0x00000206ba294520 Thread added: 0x00000206d0cbbc80
Event: 0.253 Thread 0x00000206ba294520 Thread added: 0x00000206d0cc2a80
Event: 0.254 Thread 0x00000206ba294520 Thread added: 0x00000206d0cd91c0
Event: 0.301 Thread 0x00000206ba294520 Thread added: 0x00000206ba300f60
Event: 0.455 Thread 0x00000206d0cd91c0 Thread added: 0x000002071729e500
Event: 0.585 Thread 0x000002071729e500 Thread exited: 0x000002071729e500
Event: 0.630 Thread 0x00000206ba294520 Thread added: 0x000002071721d950
Event: 0.635 Thread 0x00000206d0cd91c0 Thread added: 0x00000207173d8530
Event: 1.134 Thread 0x00000207173d8530 Thread exited: 0x00000207173d8530
Event: 1.188 Thread 0x00000206d0cd91c0 Thread added: 0x00000207172114e0
Event: 1.471 Thread 0x00000207172114e0 Thread exited: 0x00000207172114e0


Dynamic libraries:
0x00007ff7888a0000 - 0x00007ff7888ae000 	c:\Users\G TECH\.vscode\extensions\redhat.java-1.43.1-win32-x64\jre\21.0.7-win32-x86_64\bin\java.exe
0x00007ffc67430000 - 0x00007ffc67628000 	C:\WINDOWS\SYSTEM32\ntdll.dll
0x00007ffc4b8c0000 - 0x00007ffc4b8e0000 	C:\Program Files\Avast Software\Avast\aswhook.dll
0x00007ffc65d60000 - 0x00007ffc65e22000 	C:\WINDOWS\System32\KERNEL32.DLL
0x00007ffc64e60000 - 0x00007ffc65156000 	C:\WINDOWS\System32\KERNELBASE.dll
0x00007ffc65350000 - 0x00007ffc65450000 	C:\WINDOWS\System32\ucrtbase.dll
0x00007ffc4ba30000 - 0x00007ffc4ba48000 	c:\Users\G TECH\.vscode\extensions\redhat.java-1.43.1-win32-x64\jre\21.0.7-win32-x86_64\bin\jli.dll
0x00007ffc49770000 - 0x00007ffc4978e000 	c:\Users\G TECH\.vscode\extensions\redhat.java-1.43.1-win32-x64\jre\21.0.7-win32-x86_64\bin\VCRUNTIME140.dll
0x00007ffc65e30000 - 0x00007ffc65fcd000 	C:\WINDOWS\System32\USER32.dll
0x00007ffc64af0000 - 0x00007ffc64b12000 	C:\WINDOWS\System32\win32u.dll
0x00007ffc522f0000 - 0x00007ffc5258a000 	C:\WINDOWS\WinSxS\amd64_microsoft.windows.common-controls_6595b64144ccf1df_6.0.19041.5915_none_60b4b9d171f9c7c7\COMCTL32.dll
0x00007ffc673c0000 - 0x00007ffc673eb000 	C:\WINDOWS\System32\GDI32.dll
0x00007ffc65fd0000 - 0x00007ffc6606e000 	C:\WINDOWS\System32\msvcrt.dll
0x00007ffc65160000 - 0x00007ffc65278000 	C:\WINDOWS\System32\gdi32full.dll
0x00007ffc64dc0000 - 0x00007ffc64e5d000 	C:\WINDOWS\System32\msvcp_win.dll
0x00007ffc65700000 - 0x00007ffc6572f000 	C:\WINDOWS\System32\IMM32.DLL
0x00007ffc4b9f0000 - 0x00007ffc4b9fc000 	c:\Users\G TECH\.vscode\extensions\redhat.java-1.43.1-win32-x64\jre\21.0.7-win32-x86_64\bin\vcruntime140_1.dll
0x00007ffc18f50000 - 0x00007ffc18fdd000 	c:\Users\G TECH\.vscode\extensions\redhat.java-1.43.1-win32-x64\jre\21.0.7-win32-x86_64\bin\msvcp140.dll
0x00007ffc03300000 - 0x00007ffc04090000 	c:\Users\G TECH\.vscode\extensions\redhat.java-1.43.1-win32-x64\jre\21.0.7-win32-x86_64\bin\server\jvm.dll
0x00007ffc67020000 - 0x00007ffc670d1000 	C:\WINDOWS\System32\ADVAPI32.dll
0x00007ffc66070000 - 0x00007ffc6610f000 	C:\WINDOWS\System32\sechost.dll
0x00007ffc67100000 - 0x00007ffc67223000 	C:\WINDOWS\System32\RPCRT4.dll
0x00007ffc64ac0000 - 0x00007ffc64ae7000 	C:\WINDOWS\System32\bcrypt.dll
0x00007ffc66190000 - 0x00007ffc661fb000 	C:\WINDOWS\System32\WS2_32.dll
0x00007ffc64920000 - 0x00007ffc6496b000 	C:\WINDOWS\SYSTEM32\POWRPROF.dll
0x00007ffc521b0000 - 0x00007ffc521d7000 	C:\WINDOWS\SYSTEM32\WINMM.dll
0x00007ffc5f0d0000 - 0x00007ffc5f0da000 	C:\WINDOWS\SYSTEM32\VERSION.dll
0x00007ffc64900000 - 0x00007ffc64912000 	C:\WINDOWS\SYSTEM32\UMPDC.dll
0x00007ffc62960000 - 0x00007ffc62972000 	C:\WINDOWS\SYSTEM32\kernel.appcore.dll
0x00007ffc48d10000 - 0x00007ffc48d1a000 	c:\Users\G TECH\.vscode\extensions\redhat.java-1.43.1-win32-x64\jre\21.0.7-win32-x86_64\bin\jimage.dll
0x00007ffc5e600000 - 0x00007ffc5e801000 	C:\WINDOWS\SYSTEM32\DBGHELP.DLL
0x00007ffc5e5c0000 - 0x00007ffc5e5f4000 	C:\WINDOWS\SYSTEM32\dbgcore.DLL
0x00007ffc64d30000 - 0x00007ffc64db2000 	C:\WINDOWS\System32\bcryptPrimitives.dll
0x00007ffc48760000 - 0x00007ffc4876f000 	c:\Users\G TECH\.vscode\extensions\redhat.java-1.43.1-win32-x64\jre\21.0.7-win32-x86_64\bin\instrument.dll
0x00007ffc314b0000 - 0x00007ffc314cf000 	c:\Users\G TECH\.vscode\extensions\redhat.java-1.43.1-win32-x64\jre\21.0.7-win32-x86_64\bin\java.dll
0x00007ffc666a0000 - 0x00007ffc66e0e000 	C:\WINDOWS\System32\SHELL32.dll
0x00007ffc62b60000 - 0x00007ffc63304000 	C:\WINDOWS\SYSTEM32\windows.storage.dll
0x00007ffc66340000 - 0x00007ffc66693000 	C:\WINDOWS\System32\combase.dll
0x00007ffc64420000 - 0x00007ffc6444b000 	C:\WINDOWS\SYSTEM32\Wldp.dll
0x00007ffc654b0000 - 0x00007ffc6557d000 	C:\WINDOWS\System32\OLEAUT32.dll
0x00007ffc67310000 - 0x00007ffc673bd000 	C:\WINDOWS\System32\SHCORE.dll
0x00007ffc65580000 - 0x00007ffc655db000 	C:\WINDOWS\System32\shlwapi.dll
0x00007ffc649f0000 - 0x00007ffc64a14000 	C:\WINDOWS\SYSTEM32\profapi.dll
0x00007ffc30df0000 - 0x00007ffc30e08000 	c:\Users\G TECH\.vscode\extensions\redhat.java-1.43.1-win32-x64\jre\21.0.7-win32-x86_64\bin\zip.dll
0x00007ffc48160000 - 0x00007ffc48170000 	C:\Users\G TECH\.vscode\extensions\redhat.java-1.43.1-win32-x64\jre\21.0.7-win32-x86_64\bin\net.dll
0x00007ffc5f870000 - 0x00007ffc5f97a000 	C:\WINDOWS\SYSTEM32\WINHTTP.dll
0x00007ffc64180000 - 0x00007ffc641ea000 	C:\WINDOWS\system32\mswsock.dll
0x00007ffc25f90000 - 0x00007ffc25fa6000 	C:\Users\G TECH\.vscode\extensions\redhat.java-1.43.1-win32-x64\jre\21.0.7-win32-x86_64\bin\nio.dll
0x00007ffc47ea0000 - 0x00007ffc47eb0000 	c:\Users\G TECH\.vscode\extensions\redhat.java-1.43.1-win32-x64\jre\21.0.7-win32-x86_64\bin\verify.dll

dbghelp: loaded successfully - version: 4.0.5 - missing functions: none
symbol engine: initialized successfully - sym options: 0x614 - pdb path: .;c:\Users\G TECH\.vscode\extensions\redhat.java-1.43.1-win32-x64\jre\21.0.7-win32-x86_64\bin;C:\WINDOWS\SYSTEM32;C:\Program Files\Avast Software\Avast;C:\WINDOWS\WinSxS\amd64_microsoft.windows.common-controls_6595b64144ccf1df_6.0.19041.5915_none_60b4b9d171f9c7c7;c:\Users\G TECH\.vscode\extensions\redhat.java-1.43.1-win32-x64\jre\21.0.7-win32-x86_64\bin\server

VM Arguments:
jvm_args: --add-modules=ALL-SYSTEM --add-opens=java.base/java.util=ALL-UNNAMED --add-opens=java.base/java.lang=ALL-UNNAMED --add-opens=java.base/sun.nio.fs=ALL-UNNAMED -Declipse.application=org.eclipse.jdt.ls.core.id1 -Dosgi.bundles.defaultStartLevel=4 -Declipse.product=org.eclipse.jdt.ls.core.product -Djava.import.generatesMetadataFilesAtProjectRoot=false -DDetectVMInstallationsJob.disabled=true -Dfile.encoding=utf8 -XX:+UseParallelGC -XX:GCTimeRatio=4 -XX:AdaptiveSizePolicyWeight=90 -Dsun.zip.disableMemoryMapping=true -Xmx2G -Xms100m -Xlog:disable -javaagent:c:\Users\G TECH\.vscode\extensions\redhat.java-1.43.1-win32-x64\lombok\lombok-1.18.39-4050.jar 
java_command: c:\Users\G TECH\.vscode\extensions\redhat.java-1.43.1-win32-x64\server\plugins\org.eclipse.equinox.launcher_1.7.0.v20250519-0528.jar -configuration c:\Users\G TECH\AppData\Roaming\Code\User\globalStorage\redhat.java\1.43.1\config_ss_win -data c:\Users\G TECH\AppData\Roaming\Code\User\workspaceStorage\582b6d563b86e5ca378e0dc32ef546df\redhat.java\ss_ws --pipe=\\.\pipe\lsp-4cc46efe38a0fc187a5bbc8da8900cf8-sock
java_class_path (initial): c:\Users\G TECH\.vscode\extensions\redhat.java-1.43.1-win32-x64\server\plugins\org.eclipse.equinox.launcher_1.7.0.v20250519-0528.jar
Launcher Type: SUN_STANDARD

[Global flags]
    uintx AdaptiveSizePolicyWeight                 = 90                                        {product} {command line}
     intx CICompilerCount                          = 3                                         {product} {ergonomic}
    uintx GCTimeRatio                              = 4                                         {product} {command line}
   size_t InitialHeapSize                          = 104857600                                 {product} {command line}
   size_t MaxHeapSize                              = 2147483648                                {product} {command line}
   size_t MaxNewSize                               = 715653120                                 {product} {ergonomic}
   size_t MinHeapDeltaBytes                        = 524288                                    {product} {ergonomic}
   size_t MinHeapSize                              = 104857600                                 {product} {command line}
   size_t NewSize                                  = 34603008                                  {product} {ergonomic}
    uintx NonNMethodCodeHeapSize                   = 5832780                                {pd product} {ergonomic}
    uintx NonProfiledCodeHeapSize                  = 122912730                              {pd product} {ergonomic}
   size_t OldSize                                  = 70254592                                  {product} {ergonomic}
    uintx ProfiledCodeHeapSize                     = 122912730                              {pd product} {ergonomic}
    uintx ReservedCodeCacheSize                    = 251658240                              {pd product} {ergonomic}
     bool SegmentedCodeCache                       = true                                      {product} {ergonomic}
   size_t SoftMaxHeapSize                          = 2147483648                             {manageable} {ergonomic}
     bool UseCompressedOops                        = true                           {product lp64_product} {ergonomic}
     bool UseLargePagesIndividualAllocation        = false                                  {pd product} {ergonomic}
     bool UseParallelGC                            = true                                      {product} {command line}

Logging:
Log output configuration:
 #0: stdout all=off uptime,level,tags foldmultilines=false
 #1: stderr all=off uptime,level,tags foldmultilines=false

Environment Variables:
JAVA_HOME=C:\Program Files\Java\jdk-17
PATH=C:\Python312\Scripts\;C:\Python312\;C:\Program Files\Common Files\Oracle\Java\javapath;C:\Windows\system32;C:\Windows;C:\Windows\System32\Wbem;C:\Windows\System32\WindowsPowerShell\v1.0\;C:\Windows\System32\OpenSSH\;C:\Program Files (x86)\NVIDIA Corporation\PhysX\Common;C:\Program Files\Git\cmd;C:\WINDOWS\system32;C:\WINDOWS;C:\WINDOWS\System32\Wbem;C:\WINDOWS\System32\WindowsPowerShell\v1.0\;C:\WINDOWS\System32\OpenSSH\;C:\ProgramData\chocolatey\bin;C:\Program Files\nodejs;C:\Program Files\Java\jdk-17;C:\Program Files\nodejs\;E:\Android\Sdk\tools;C:\Users\G TECH\AppData\Local\Microsoft\WindowsApps;C:\Users\G TECH\AppData\Local\Programs\Microsoft VS Code\bin;E:\Android\Sdk;E:\Android\Sdk\platform-tools;C:\Program Files\nodejs;C:\Program Files\Java\jdk-17;C:\Users\G TECH\AppData\Roaming\npm
USERNAME=G TECH
OS=Windows_NT
PROCESSOR_IDENTIFIER=Intel64 Family 6 Model 158 Stepping 13, GenuineIntel
TMP=C:\Users\GTECH~1\AppData\Local\Temp
TEMP=C:\Users\GTECH~1\AppData\Local\Temp




Periodic native trim disabled

---------------  S Y S T E M  ---------------

OS:
 Windows 10 , 64 bit Build 19041 (10.0.19041.5915)
OS uptime: 3 days 23:56 hours

CPU: total 6 (initial active 6) (6 cores per cpu, 1 threads per core) family 6 model 158 stepping 13 microcode 0xd6, cx8, cmov, fxsr, mmx, 3dnowpref, sse, sse2, sse3, ssse3, sse4.1, sse4.2, popcnt, lzcnt, tsc, tscinvbit, avx, avx2, aes, erms, clmul, bmi1, bmi2, adx, fma, vzeroupper, clflush, clflushopt, rdtscp, f16c
Processor Information for the first 6 processors :
  Max Mhz: 2904, Current Mhz: 2904, Mhz Limit: 2904

Memory: 4k page, system-wide physical 8123M (610M free)
TotalPageFile size 25848M (AvailPageFile size 223M)
current process WorkingSet (physical memory assigned to process): 80M, peak: 80M
current process commit charge ("private bytes"): 230M, peak: 230M

vm_info: OpenJDK 64-Bit Server VM (21.0.7+6-LTS) for windows-amd64 JRE (21.0.7+6-LTS), built on 2025-04-15T00:00:00Z by "admin" with MS VC++ 17.7 (VS2022)

END.
